htc_7010.fw
htc_9271.fw
ipw2100-1.3.fw
ipw2100-1.3-i.fw
ipw2100-1.3-p.fw
ipw2200-bss.fw
ipw2200-ibss.fw
ipw2200-sniffer.fw
iwlwifi-100-5.ucode
iwlwifi-1000-5.ucode
iwlwifi-3945-2.ucode
iwlwifi-4965-2.ucode
iwlwifi-5000-1.ucode
iwlwifi-5000-5.ucode
iwlwifi-5150-2.ucode
iwlwifi-6000-4.ucode
iwlwifi-6000g2a-5.ucode
iwlwifi-6000g2b-5.ucode
iwlwifi-6050-5.ucode
NPE-B
NPE-C
rt2860.bin
rt2870.bin
rtl_nic/rtl8411-1.fw
rtl_nic/rtl8168e-2.fw
rtl_nic/rtl8168d-2.fw
rtl_nic/rtl8105e-1.fw
rtl_nic/rtl8168e-3.fw
rtl_nic/rtl8168d-1.fw
rtl_nic/rtl8168f-1.fw
rtl_nic/rtl8402-1.fw
rtl_nic/rtl8168e-1.fw
rtl_nic/rtl8168f-2.fw
